make[2]: *** No rule to make target '/usr/lib/x86_64-linux-gnu/libSDLmain.a', needed by '/home/robotclass/RoboticsForSWEs/fastsim/devel/.private/keyboard/lib/keyboard/keyboard'.  Stop.
make[2]: *** Waiting for unfinished jobs....
[01m[K/home/robotclass/RoboticsForSWEs/fastsim/src/ros-keyboard/src/keyboard.cpp:[m[K In constructor ‘[01m[Kkeyboard::Keyboard::Keyboard(int, int)[m[K’:
[01m[K/home/robotclass/RoboticsForSWEs/fastsim/src/ros-keyboard/src/keyboard.cpp:6:54:[m[K [01;31m[Kerror: [m[K‘[01m[KSDL_EnableKeyRepeat[m[K’ was not declared in this scope
   SDL_EnableKeyRepeat( repeat_delay, repeat_interval );
[01;32m[K                                                      ^[m[K
[01m[K/home/robotclass/RoboticsForSWEs/fastsim/src/ros-keyboard/src/keyboard.cpp:7:47:[m[K [01;31m[Kerror: [m[K‘[01m[KSDL_WM_SetCaption[m[K’ was not declared in this scope
   SDL_WM_SetCaption("ROS keyboard input", NULL);
[01;32m[K                                               ^[m[K
[01m[K/home/robotclass/RoboticsForSWEs/fastsim/src/ros-keyboard/src/keyboard.cpp:8:43:[m[K [01;31m[Kerror: [m[K‘[01m[KSDL_SetVideoMode[m[K’ was not declared in this scope
   window = SDL_SetVideoMode(100, 100, 0, 0);
[01;32m[K                                           ^[m[K
[01m[K/home/robotclass/RoboticsForSWEs/fastsim/src/ros-keyboard/src/keyboard.cpp:[m[K In member function ‘[01m[Kbool keyboard::Keyboard::get_key(bool&, bool&, uint16_t&, uint16_t&)[m[K’:
[01m[K/home/robotclass/RoboticsForSWEs/fastsim/src/ros-keyboard/src/keyboard.cpp:32:24:[m[K [01;31m[Kerror: [m[K‘[01m[KSDL_Flip[m[K’ was not declared in this scope
         SDL_Flip(window);   
[01;32m[K                        ^[m[K
make[2]: *** [CMakeFiles/keyboard.dir/src/keyboard.cpp.o] Error 1
[01m[K/home/robotclass/RoboticsForSWEs/fastsim/src/ros-keyboard/src/main.cpp:[m[K In function ‘[01m[Kint main(int, char**)[m[K’:
[01m[K/home/robotclass/RoboticsForSWEs/fastsim/src/ros-keyboard/src/main.cpp:18:47:[m[K [01;31m[Kerror: [m[K‘[01m[KSDL_DEFAULT_REPEAT_DELAY[m[K’ was not declared in this scope
   n.param<int>( "repeat_delay", repeat_delay, SDL_DEFAULT_REPEAT_DELAY );
[01;32m[K                                               ^[m[K
[01m[K/home/robotclass/RoboticsForSWEs/fastsim/src/ros-keyboard/src/main.cpp:19:53:[m[K [01;31m[Kerror: [m[K‘[01m[KSDL_DEFAULT_REPEAT_INTERVAL[m[K’ was not declared in this scope
   n.param<int>( "repeat_interval", repeat_interval, SDL_DEFAULT_REPEAT_INTERVAL );
[01;32m[K                                                     ^[m[K
make[2]: *** [CMakeFiles/keyboard.dir/src/main.cpp.o] Error 1
make[1]: *** [CMakeFiles/keyboard.dir/all] Error 2
make: *** [all] Error 2
