[33m[1mCMake Warning[0m at /opt/ros/kinetic/share/catkin/cmake/catkin_package.cmake:166 (message):
  catkin_package() DEPENDS on '/usr/lib/x86_64-linux-gnu/libSDLmain.a' but
  neither '/usr/lib/x86_64-linux-gnu/libSDLmain.a_INCLUDE_DIRS' nor
  '/usr/lib/x86_64-linux-gnu/libSDLmain.a_LIBRARIES' is defined.
[36mCall Stack (most recent call first):[0m
  /opt/ros/kinetic/share/catkin/cmake/catkin_package.cmake:102 (_catkin_package)
  CMakeLists.txt:26 (catkin_package)


[33m[1mCMake Warning[0m at /opt/ros/kinetic/share/catkin/cmake/catkin_package.cmake:166 (message):
  catkin_package() DEPENDS on '/usr/lib/x86_64-linux-gnu/libSDL.so' but
  neither '/usr/lib/x86_64-linux-gnu/libSDL.so_INCLUDE_DIRS' nor
  '/usr/lib/x86_64-linux-gnu/libSDL.so_LIBRARIES' is defined.
[36mCall Stack (most recent call first):[0m
  /opt/ros/kinetic/share/catkin/cmake/catkin_package.cmake:102 (_catkin_package)
  CMakeLists.txt:26 (catkin_package)


[33m[1mCMake Warning[0m at /opt/ros/kinetic/share/catkin/cmake/catkin_package.cmake:166 (message):
  catkin_package() DEPENDS on '-lpthread' but neither
  '-lpthread_INCLUDE_DIRS' nor '-lpthread_LIBRARIES' is defined.
[36mCall Stack (most recent call first):[0m
  /opt/ros/kinetic/share/catkin/cmake/catkin_package.cmake:102 (_catkin_package)
  CMakeLists.txt:26 (catkin_package)


