[  0%] Built target std_msgs_generate_messages_cpp
[  0%] Built target std_msgs_generate_messages_nodejs
[  0%] Built target _keyboard_generate_messages_check_deps_Key
[  0%] Built target std_msgs_generate_messages_eus
[  0%] Built target std_msgs_generate_messages_py
[  0%] Built target std_msgs_generate_messages_lisp
[ 10%] [34m[1mGenerating C++ code from keyboard/Key.msg[0m
[ 20%] [34m[1mGenerating EusLisp code from keyboard/Key.msg[0m
[ 30%] [34m[1mGenerating Javascript code from keyboard/Key.msg[0m
[ 40%] [34m[1mGenerating Python from MSG keyboard/Key[0m
[ 40%] Built target keyboard_generate_messages_nodejs
[ 50%] Built target keyboard_generate_messages_eus
[ 60%] [34m[1mGenerating Lisp code from keyboard/Key.msg[0m
[ 70%] [34m[1mGenerating Python msg __init__.py for keyboard[0m
[ 70%] Built target keyboard_generate_messages_lisp
[ 70%] Built target keyboard_generate_messages_cpp
[ 70%] Built target keyboard_gencpp
[35m[1mScanning dependencies of target keyboard[0m
make[2]: *** No rule to make target '/usr/lib/x86_64-linux-gnu/libSDLmain.a', needed by '/home/robotclass/RoboticsForSWEs/fastsim/devel/.private/keyboard/lib/keyboard/keyboard'.  Stop.
make[2]: *** Waiting for unfinished jobs....
[ 90%] [32mBuilding CXX object CMakeFiles/keyboard.dir/src/main.cpp.o[0m
[ 90%] [32mBuilding CXX object CMakeFiles/keyboard.dir/src/keyboard.cpp.o[0m
[ 90%] Built target keyboard_generate_messages_py
[ 90%] Built target keyboard_generate_messages
In file included from [01m[K/home/robotclass/RoboticsForSWEs/fastsim/src/ros-keyboard/src/keyboard.cpp:1:0[m[K:
[01m[K/home/robotclass/RoboticsForSWEs/fastsim/src/ros-keyboard/src/keyboard.h:5:17:[m[K [01;31m[Kfatal error: [m[KSDL.h: No such file or directory
compilation terminated.
CMakeFiles/keyboard.dir/build.make:86: recipe for target 'CMakeFiles/keyboard.dir/src/keyboard.cpp.o' failed
make[2]: *** [CMakeFiles/keyboard.dir/src/keyboard.cpp.o] Error 1
In file included from [01m[K/home/robotclass/RoboticsForSWEs/fastsim/src/ros-keyboard/src/main.cpp:3:0[m[K:
[01m[K/home/robotclass/RoboticsForSWEs/fastsim/src/ros-keyboard/src/keyboard.h:5:17:[m[K [01;31m[Kfatal error: [m[KSDL.h: No such file or directory
compilation terminated.
CMakeFiles/keyboard.dir/build.make:62: recipe for target 'CMakeFiles/keyboard.dir/src/main.cpp.o' failed
make[2]: *** [CMakeFiles/keyboard.dir/src/main.cpp.o] Error 1
make[1]: *** [CMakeFiles/keyboard.dir/all] Error 2
make: *** [all] Error 2
CMakeFiles/Makefile2:67: recipe for target 'CMakeFiles/keyboard.dir/all' failed
Makefile:138: recipe for target 'all' failed
