[  0%] Built target _keyboard_generate_messages_check_deps_Key
[  0%] Built target std_msgs_generate_messages_cpp
[  0%] Built target std_msgs_generate_messages_nodejs
[  0%] Built target std_msgs_generate_messages_py
[  0%] Built target std_msgs_generate_messages_lisp
[  0%] Built target std_msgs_generate_messages_eus
[ 10%] Built target keyboard_generate_messages_nodejs
[ 20%] Built target keyboard_generate_messages_cpp
[ 40%] Built target keyboard_generate_messages_py
[ 60%] Built target keyboard_generate_messages_eus
[ 70%] Built target keyboard_generate_messages_lisp
[ 70%] Built target keyboard_gencpp
[35m[1mScanning dependencies of target keyboard[0m
[ 70%] Built target keyboard_generate_messages
make[2]: *** No rule to make target '/usr/lib/x86_64-linux-gnu/libSDLmain.a', needed by '/home/robotclass/RoboticsForSWEs/fastsim/devel/.private/keyboard/lib/keyboard/keyboard'.  Stop.
make[2]: *** Waiting for unfinished jobs....
[ 80%] [32mBuilding CXX object CMakeFiles/keyboard.dir/src/main.cpp.o[0m
[ 90%] [32mBuilding CXX object CMakeFiles/keyboard.dir/src/keyboard.cpp.o[0m
In file included from [01m[K/home/robotclass/RoboticsForSWEs/fastsim/src/ros-keyboard/src/keyboard.cpp:1:0[m[K:
[01m[K/home/robotclass/RoboticsForSWEs/fastsim/src/ros-keyboard/src/keyboard.h:5:17:[m[K [01;31m[Kfatal error: [m[KSDL.h: No such file or directory
compilation terminated.
CMakeFiles/keyboard.dir/build.make:86: recipe for target 'CMakeFiles/keyboard.dir/src/keyboard.cpp.o' failed
make[2]: *** [CMakeFiles/keyboard.dir/src/keyboard.cpp.o] Error 1
In file included from [01m[K/home/robotclass/RoboticsForSWEs/fastsim/src/ros-keyboard/src/main.cpp:3:0[m[K:
[01m[K/home/robotclass/RoboticsForSWEs/fastsim/src/ros-keyboard/src/keyboard.h:5:17:[m[K [01;31m[Kfatal error: [m[KSDL.h: No such file or directory
compilation terminated.
CMakeFiles/keyboard.dir/build.make:62: recipe for target 'CMakeFiles/keyboard.dir/src/main.cpp.o' failed
make[2]: *** [CMakeFiles/keyboard.dir/src/main.cpp.o] Error 1
CMakeFiles/Makefile2:67: recipe for target 'CMakeFiles/keyboard.dir/all' failed
make[1]: *** [CMakeFiles/keyboard.dir/all] Error 2
Makefile:138: recipe for target 'all' failed
make: *** [all] Error 2
