Determining if the pthread_create exist failed with the following output:
Change Dir: /home/robotclass/RoboticsForSWEs/fastsim/build/keyboard/CMakeFiles/CMakeTmp

Run Build Command:"/usr/bin/make" "cmTC_778ef/fast"
/usr/bin/make -f CMakeFiles/cmTC_778ef.dir/build.make CMakeFiles/cmTC_778ef.dir/build
make[1]: Entering directory '/home/robotclass/RoboticsForSWEs/fastsim/build/keyboard/CMakeFiles/CMakeTmp'
Building C object CMakeFiles/cmTC_778ef.dir/CheckSymbolExists.c.o
/usr/bin/cc     -o CMakeFiles/cmTC_778ef.dir/CheckSymbolExists.c.o   -c /home/robotclass/RoboticsForSWEs/fastsim/build/keyboard/CMakeFiles/CMakeTmp/CheckSymbolExists.c
Linking C executable cmTC_778ef
/usr/bin/cmake -E cmake_link_script CMakeFiles/cmTC_778ef.dir/link.txt --verbose=1
/usr/bin/cc       CMakeFiles/cmTC_778ef.dir/CheckSymbolExists.c.o  -o cmTC_778ef -rdynamic 
CMakeFiles/cmTC_778ef.dir/CheckSymbolExists.c.o: In function `main':
CheckSymbolExists.c:(.text+0x16): undefined reference to `pthread_create'
collect2: error: ld returned 1 exit status
CMakeFiles/cmTC_778ef.dir/build.make:97: recipe for target 'cmTC_778ef' failed
make[1]: *** [cmTC_778ef] Error 1
make[1]: Leaving directory '/home/robotclass/RoboticsForSWEs/fastsim/build/keyboard/CMakeFiles/CMakeTmp'
Makefile:126: recipe for target 'cmTC_778ef/fast' failed
make: *** [cmTC_778ef/fast] Error 2

File /home/robotclass/RoboticsForSWEs/fastsim/build/keyboard/CMakeFiles/CMakeTmp/CheckSymbolExists.c:
/* */
#include <pthread.h>

int main(int argc, char** argv)
{
  (void)argv;
#ifndef pthread_create
  return ((int*)(&pthread_create))[argc];
#else
  (void)argc;
  return 0;
#endif
}

Determining if the function pthread_create exists in the pthreads failed with the following output:
Change Dir: /home/robotclass/RoboticsForSWEs/fastsim/build/keyboard/CMakeFiles/CMakeTmp

Run Build Command:"/usr/bin/make" "cmTC_1fa85/fast"
/usr/bin/make -f CMakeFiles/cmTC_1fa85.dir/build.make CMakeFiles/cmTC_1fa85.dir/build
make[1]: Entering directory '/home/robotclass/RoboticsForSWEs/fastsim/build/keyboard/CMakeFiles/CMakeTmp'
Building C object CMakeFiles/cmTC_1fa85.dir/CheckFunctionExists.c.o
/usr/bin/cc    -DCHECK_FUNCTION_EXISTS=pthread_create   -o CMakeFiles/cmTC_1fa85.dir/CheckFunctionExists.c.o   -c /usr/share/cmake-3.5/Modules/CheckFunctionExists.c
Linking C executable cmTC_1fa85
/usr/bin/cmake -E cmake_link_script CMakeFiles/cmTC_1fa85.dir/link.txt --verbose=1
/usr/bin/cc   -DCHECK_FUNCTION_EXISTS=pthread_create    CMakeFiles/cmTC_1fa85.dir/CheckFunctionExists.c.o  -o cmTC_1fa85 -rdynamic -lpthreads 
/usr/bin/ld: cannot find -lpthreads
collect2: error: ld returned 1 exit status
CMakeFiles/cmTC_1fa85.dir/build.make:97: recipe for target 'cmTC_1fa85' failed
make[1]: *** [cmTC_1fa85] Error 1
make[1]: Leaving directory '/home/robotclass/RoboticsForSWEs/fastsim/build/keyboard/CMakeFiles/CMakeTmp'
Makefile:126: recipe for target 'cmTC_1fa85/fast' failed
make: *** [cmTC_1fa85/fast] Error 2


