[  0%] Built target tf2_msgs_generate_messages_nodejs
[  0%] Built target actionlib_generate_messages_py
[  0%] Built target actionlib_generate_messages_eus
[  0%] Built target actionlib_msgs_generate_messages_py
[  0%] Built target actionlib_generate_messages_lisp
[  0%] Built target actionlib_msgs_generate_messages_eus
[  0%] Built target mav_msgs_generate_messages_eus
[  0%] Built target std_msgs_generate_messages_eus
[  0%] Built target std_msgs_generate_messages_py
[  0%] Built target roscpp_generate_messages_lisp
[  0%] Built target roscpp_generate_messages_nodejs
[  0%] Built target rosgraph_msgs_generate_messages_py
[  0%] Built target rosgraph_msgs_generate_messages_lisp
[  0%] Built target rosgraph_msgs_generate_messages_cpp
[  0%] Built target tf2_msgs_generate_messages_cpp
[  0%] Built target rosgraph_msgs_generate_messages_nodejs
[  0%] Built target trajectory_msgs_generate_messages_py
[  0%] Built target std_msgs_generate_messages_lisp
[  0%] Built target geometry_msgs_generate_messages_lisp
[  0%] Built target mav_msgs_generate_messages_cpp
[  0%] Built target roscpp_generate_messages_eus
[ 33%] Built target inertialMeasurementSim
[ 33%] Built target roscpp_generate_messages_cpp
[ 33%] Built target geometry_msgs_generate_messages_eus
[ 33%] Built target trajectory_msgs_generate_messages_eus
[ 33%] Built target geometry_msgs_generate_messages_nodejs
[ 33%] Built target mav_msgs_generate_messages_nodejs
[ 33%] Built target rosgraph_msgs_generate_messages_eus
[ 33%] Built target actionlib_msgs_generate_messages_lisp
[ 33%] Built target roscpp_generate_messages_py
[ 33%] Built target mav_msgs_generate_messages_lisp
[ 33%] Built target mav_msgs_generate_messages_py
[ 33%] Built target geometry_msgs_generate_messages_py
[ 33%] Built target std_msgs_generate_messages_nodejs
[ 33%] Built target sensor_msgs_generate_messages_nodejs
[ 33%] Built target geometry_msgs_generate_messages_cpp
[ 33%] Built target trajectory_msgs_generate_messages_lisp
[ 33%] Built target trajectory_msgs_generate_messages_cpp
[ 33%] Built target sensor_msgs_generate_messages_cpp
[ 33%] Built target trajectory_msgs_generate_messages_nodejs
[ 33%] Built target std_msgs_generate_messages_cpp
[ 33%] Built target actionlib_generate_messages_nodejs
[ 33%] Built target actionlib_msgs_generate_messages_cpp
[ 33%] Built target sensor_msgs_generate_messages_lisp
[ 33%] Built target sensor_msgs_generate_messages_eus
[ 33%] Built target tf2_msgs_generate_messages_lisp
[ 33%] Built target actionlib_generate_messages_cpp
[ 33%] Built target sensor_msgs_generate_messages_py
[ 33%] Built target actionlib_msgs_generate_messages_nodejs
[ 33%] Built target tf2_msgs_generate_messages_eus
[ 33%] Built target tf2_msgs_generate_messages_py
[ 66%] Built target multicopterDynamicsSim
[35m[1mScanning dependencies of target flightgoggles_uav_dynamics_node[0m
[ 83%] [32mBuilding CXX object CMakeFiles/flightgoggles_uav_dynamics_node.dir/src/flightgoggles_uav_dynamics_node.cpp.o[0m
[100%] [32m[1mLinking CXX executable /home/robotclass/RoboticsForSWEs/fastsim/devel/.private/flightgoggles_uav_dynamics/lib/flightgoggles_uav_dynamics/node[0m
[100%] Built target flightgoggles_uav_dynamics_node
