Determining if the pthread_create exist failed with the following output:
Change Dir: /home/robotclass/RoboticsForSWEs/fastsim/build/catkin_tools_prebuild/CMakeFiles/CMakeTmp

Run Build Command:"/usr/bin/make" "cmTC_a3e83/fast"
/usr/bin/make -f CMakeFiles/cmTC_a3e83.dir/build.make CMakeFiles/cmTC_a3e83.dir/build
make[1]: Entering directory '/home/robotclass/RoboticsForSWEs/fastsim/build/catkin_tools_prebuild/CMakeFiles/CMakeTmp'
Building C object CMakeFiles/cmTC_a3e83.dir/CheckSymbolExists.c.o
/usr/bin/cc     -o CMakeFiles/cmTC_a3e83.dir/CheckSymbolExists.c.o   -c /home/robotclass/RoboticsForSWEs/fastsim/build/catkin_tools_prebuild/CMakeFiles/CMakeTmp/CheckSymbolExists.c
Linking C executable cmTC_a3e83
/usr/bin/cmake -E cmake_link_script CMakeFiles/cmTC_a3e83.dir/link.txt --verbose=1
/usr/bin/cc       CMakeFiles/cmTC_a3e83.dir/CheckSymbolExists.c.o  -o cmTC_a3e83 -rdynamic 
CMakeFiles/cmTC_a3e83.dir/CheckSymbolExists.c.o: In function `main':
CheckSymbolExists.c:(.text+0x16): undefined reference to `pthread_create'
collect2: error: ld returned 1 exit status
CMakeFiles/cmTC_a3e83.dir/build.make:97: recipe for target 'cmTC_a3e83' failed
make[1]: *** [cmTC_a3e83] Error 1
make[1]: Leaving directory '/home/robotclass/RoboticsForSWEs/fastsim/build/catkin_tools_prebuild/CMakeFiles/CMakeTmp'
Makefile:126: recipe for target 'cmTC_a3e83/fast' failed
make: *** [cmTC_a3e83/fast] Error 2

File /home/robotclass/RoboticsForSWEs/fastsim/build/catkin_tools_prebuild/CMakeFiles/CMakeTmp/CheckSymbolExists.c:
/* */
#include <pthread.h>

int main(int argc, char** argv)
{
  (void)argv;
#ifndef pthread_create
  return ((int*)(&pthread_create))[argc];
#else
  (void)argc;
  return 0;
#endif
}

Determining if the function pthread_create exists in the pthreads failed with the following output:
Change Dir: /home/robotclass/RoboticsForSWEs/fastsim/build/catkin_tools_prebuild/CMakeFiles/CMakeTmp

Run Build Command:"/usr/bin/make" "cmTC_e1ecd/fast"
/usr/bin/make -f CMakeFiles/cmTC_e1ecd.dir/build.make CMakeFiles/cmTC_e1ecd.dir/build
make[1]: Entering directory '/home/robotclass/RoboticsForSWEs/fastsim/build/catkin_tools_prebuild/CMakeFiles/CMakeTmp'
Building C object CMakeFiles/cmTC_e1ecd.dir/CheckFunctionExists.c.o
/usr/bin/cc    -DCHECK_FUNCTION_EXISTS=pthread_create   -o CMakeFiles/cmTC_e1ecd.dir/CheckFunctionExists.c.o   -c /usr/share/cmake-3.5/Modules/CheckFunctionExists.c
Linking C executable cmTC_e1ecd
/usr/bin/cmake -E cmake_link_script CMakeFiles/cmTC_e1ecd.dir/link.txt --verbose=1
/usr/bin/cc   -DCHECK_FUNCTION_EXISTS=pthread_create    CMakeFiles/cmTC_e1ecd.dir/CheckFunctionExists.c.o  -o cmTC_e1ecd -rdynamic -lpthreads 
/usr/bin/ld: cannot find -lpthreads
collect2: error: ld returned 1 exit status
CMakeFiles/cmTC_e1ecd.dir/build.make:97: recipe for target 'cmTC_e1ecd' failed
make[1]: *** [cmTC_e1ecd] Error 1
make[1]: Leaving directory '/home/robotclass/RoboticsForSWEs/fastsim/build/catkin_tools_prebuild/CMakeFiles/CMakeTmp'
Makefile:126: recipe for target 'cmTC_e1ecd/fast' failed
make: *** [cmTC_e1ecd/fast] Error 2


