Symlinking /home/robotclass/RoboticsForSWEs/fastsim/devel/share/common-lisp/ros/sensor_simulators/srv/_package_calibrate.lisp
Symlinking /home/robotclass/RoboticsForSWEs/fastsim/devel/share/common-lisp/ros/sensor_simulators/srv/sensor_simulators-srv.asd
Symlinking /home/robotclass/RoboticsForSWEs/fastsim/devel/share/common-lisp/ros/sensor_simulators/srv/calibrate.lisp
Symlinking /home/robotclass/RoboticsForSWEs/fastsim/devel/share/common-lisp/ros/sensor_simulators/srv/_package.lisp
Symlinking /home/robotclass/RoboticsForSWEs/fastsim/devel/share/sensor_simulators/cmake/sensor_simulators-msg-paths.cmake
Linked: (/home/robotclass/RoboticsForSWEs/fastsim/devel/.private/sensor_simulators/share/sensor_simulators/cmake/sensor_simulatorsConfig-version.cmake, /home/robotclass/RoboticsForSWEs/fastsim/devel/share/sensor_simulators/cmake/sensor_simulatorsConfig-version.cmake)
Linked: (/home/robotclass/RoboticsForSWEs/fastsim/devel/.private/sensor_simulators/share/sensor_simulators/cmake/sensor_simulatorsConfig.cmake, /home/robotclass/RoboticsForSWEs/fastsim/devel/share/sensor_simulators/cmake/sensor_simulatorsConfig.cmake)
Symlinking /home/robotclass/RoboticsForSWEs/fastsim/devel/share/sensor_simulators/cmake/sensor_simulators-msg-extras.cmake
Symlinking /home/robotclass/RoboticsForSWEs/fastsim/devel/share/roseus/ros/sensor_simulators/manifest.l
Symlinking /home/robotclass/RoboticsForSWEs/fastsim/devel/share/roseus/ros/sensor_simulators/srv/calibrate.l
Symlinking /home/robotclass/RoboticsForSWEs/fastsim/devel/share/gennodejs/ros/sensor_simulators/_index.js
Symlinking /home/robotclass/RoboticsForSWEs/fastsim/devel/share/gennodejs/ros/sensor_simulators/srv/_index.js
Symlinking /home/robotclass/RoboticsForSWEs/fastsim/devel/share/gennodejs/ros/sensor_simulators/srv/calibrate.js
Symlinking /home/robotclass/RoboticsForSWEs/fastsim/devel/include/sensor_simulators/calibrateResponse.h
Symlinking /home/robotclass/RoboticsForSWEs/fastsim/devel/include/sensor_simulators/calibrateRequest.h
Symlinking /home/robotclass/RoboticsForSWEs/fastsim/devel/include/sensor_simulators/calibrate.h
Linked: (/home/robotclass/RoboticsForSWEs/fastsim/devel/.private/sensor_simulators/lib/pkgconfig/sensor_simulators.pc, /home/robotclass/RoboticsForSWEs/fastsim/devel/lib/pkgconfig/sensor_simulators.pc)
Symlinking /home/robotclass/RoboticsForSWEs/fastsim/devel/lib/python2.7/dist-packages/sensor_simulators/__init__.py
Symlinking /home/robotclass/RoboticsForSWEs/fastsim/devel/lib/python2.7/dist-packages/sensor_simulators/srv/__init__.py
Symlinking /home/robotclass/RoboticsForSWEs/fastsim/devel/lib/python2.7/dist-packages/sensor_simulators/srv/_calibrate.py
