Linked: (/home/robotclass/RoboticsForSWEs/fastsim/devel/.private/sensor_simulators/share/common-lisp/ros/sensor_simulators/srv/_package_calibrate.lisp, /home/robotclass/RoboticsForSWEs/fastsim/devel/share/common-lisp/ros/sensor_simulators/srv/_package_calibrate.lisp)
Linked: (/home/robotclass/RoboticsForSWEs/fastsim/devel/.private/sensor_simulators/share/common-lisp/ros/sensor_simulators/srv/sensor_simulators-srv.asd, /home/robotclass/RoboticsForSWEs/fastsim/devel/share/common-lisp/ros/sensor_simulators/srv/sensor_simulators-srv.asd)
Linked: (/home/robotclass/RoboticsForSWEs/fastsim/devel/.private/sensor_simulators/share/common-lisp/ros/sensor_simulators/srv/calibrate.lisp, /home/robotclass/RoboticsForSWEs/fastsim/devel/share/common-lisp/ros/sensor_simulators/srv/calibrate.lisp)
Linked: (/home/robotclass/RoboticsForSWEs/fastsim/devel/.private/sensor_simulators/share/common-lisp/ros/sensor_simulators/srv/_package.lisp, /home/robotclass/RoboticsForSWEs/fastsim/devel/share/common-lisp/ros/sensor_simulators/srv/_package.lisp)
Linked: (/home/robotclass/RoboticsForSWEs/fastsim/devel/.private/sensor_simulators/share/sensor_simulators/cmake/sensor_simulators-msg-paths.cmake, /home/robotclass/RoboticsForSWEs/fastsim/devel/share/sensor_simulators/cmake/sensor_simulators-msg-paths.cmake)
Linked: (/home/robotclass/RoboticsForSWEs/fastsim/devel/.private/sensor_simulators/share/sensor_simulators/cmake/sensor_simulatorsConfig-version.cmake, /home/robotclass/RoboticsForSWEs/fastsim/devel/share/sensor_simulators/cmake/sensor_simulatorsConfig-version.cmake)
Linked: (/home/robotclass/RoboticsForSWEs/fastsim/devel/.private/sensor_simulators/share/sensor_simulators/cmake/sensor_simulatorsConfig.cmake, /home/robotclass/RoboticsForSWEs/fastsim/devel/share/sensor_simulators/cmake/sensor_simulatorsConfig.cmake)
Linked: (/home/robotclass/RoboticsForSWEs/fastsim/devel/.private/sensor_simulators/share/sensor_simulators/cmake/sensor_simulators-msg-extras.cmake, /home/robotclass/RoboticsForSWEs/fastsim/devel/share/sensor_simulators/cmake/sensor_simulators-msg-extras.cmake)
Linked: (/home/robotclass/RoboticsForSWEs/fastsim/devel/.private/sensor_simulators/share/roseus/ros/sensor_simulators/manifest.l, /home/robotclass/RoboticsForSWEs/fastsim/devel/share/roseus/ros/sensor_simulators/manifest.l)
Linked: (/home/robotclass/RoboticsForSWEs/fastsim/devel/.private/sensor_simulators/share/roseus/ros/sensor_simulators/srv/calibrate.l, /home/robotclass/RoboticsForSWEs/fastsim/devel/share/roseus/ros/sensor_simulators/srv/calibrate.l)
Linked: (/home/robotclass/RoboticsForSWEs/fastsim/devel/.private/sensor_simulators/share/gennodejs/ros/sensor_simulators/_index.js, /home/robotclass/RoboticsForSWEs/fastsim/devel/share/gennodejs/ros/sensor_simulators/_index.js)
Linked: (/home/robotclass/RoboticsForSWEs/fastsim/devel/.private/sensor_simulators/share/gennodejs/ros/sensor_simulators/srv/_index.js, /home/robotclass/RoboticsForSWEs/fastsim/devel/share/gennodejs/ros/sensor_simulators/srv/_index.js)
Linked: (/home/robotclass/RoboticsForSWEs/fastsim/devel/.private/sensor_simulators/share/gennodejs/ros/sensor_simulators/srv/calibrate.js, /home/robotclass/RoboticsForSWEs/fastsim/devel/share/gennodejs/ros/sensor_simulators/srv/calibrate.js)
Linked: (/home/robotclass/RoboticsForSWEs/fastsim/devel/.private/sensor_simulators/include/sensor_simulators/calibrateResponse.h, /home/robotclass/RoboticsForSWEs/fastsim/devel/include/sensor_simulators/calibrateResponse.h)
Linked: (/home/robotclass/RoboticsForSWEs/fastsim/devel/.private/sensor_simulators/include/sensor_simulators/calibrateRequest.h, /home/robotclass/RoboticsForSWEs/fastsim/devel/include/sensor_simulators/calibrateRequest.h)
Linked: (/home/robotclass/RoboticsForSWEs/fastsim/devel/.private/sensor_simulators/include/sensor_simulators/calibrate.h, /home/robotclass/RoboticsForSWEs/fastsim/devel/include/sensor_simulators/calibrate.h)
Linked: (/home/robotclass/RoboticsForSWEs/fastsim/devel/.private/sensor_simulators/lib/pkgconfig/sensor_simulators.pc, /home/robotclass/RoboticsForSWEs/fastsim/devel/lib/pkgconfig/sensor_simulators.pc)
Linked: (/home/robotclass/RoboticsForSWEs/fastsim/devel/.private/sensor_simulators/lib/python2.7/dist-packages/sensor_simulators/__init__.py, /home/robotclass/RoboticsForSWEs/fastsim/devel/lib/python2.7/dist-packages/sensor_simulators/__init__.py)
Linked: (/home/robotclass/RoboticsForSWEs/fastsim/devel/.private/sensor_simulators/lib/python2.7/dist-packages/sensor_simulators/srv/__init__.py, /home/robotclass/RoboticsForSWEs/fastsim/devel/lib/python2.7/dist-packages/sensor_simulators/srv/__init__.py)
Linked: (/home/robotclass/RoboticsForSWEs/fastsim/devel/.private/sensor_simulators/lib/python2.7/dist-packages/sensor_simulators/srv/_calibrate.py, /home/robotclass/RoboticsForSWEs/fastsim/devel/lib/python2.7/dist-packages/sensor_simulators/srv/_calibrate.py)
