Linked: (/home/robotclass/RoboticsForSWEs/fastsim/devel/.private/simple_control/share/simple_control/cmake/simple_controlConfig.cmake, /home/robotclass/RoboticsForSWEs/fastsim/devel/share/simple_control/cmake/simple_controlConfig.cmake)
Linked: (/home/robotclass/RoboticsForSWEs/fastsim/devel/.private/simple_control/share/simple_control/cmake/simple_control-msg-paths.cmake, /home/robotclass/RoboticsForSWEs/fastsim/devel/share/simple_control/cmake/simple_control-msg-paths.cmake)
Linked: (/home/robotclass/RoboticsForSWEs/fastsim/devel/.private/simple_control/share/simple_control/cmake/simple_controlConfig-version.cmake, /home/robotclass/RoboticsForSWEs/fastsim/devel/share/simple_control/cmake/simple_controlConfig-version.cmake)
Linked: (/home/robotclass/RoboticsForSWEs/fastsim/devel/.private/simple_control/share/simple_control/cmake/simple_control-msg-extras.cmake, /home/robotclass/RoboticsForSWEs/fastsim/devel/share/simple_control/cmake/simple_control-msg-extras.cmake)
Linked: (/home/robotclass/RoboticsForSWEs/fastsim/devel/.private/simple_control/share/common-lisp/ros/simple_control/srv/simple_control-srv.asd, /home/robotclass/RoboticsForSWEs/fastsim/devel/share/common-lisp/ros/simple_control/srv/simple_control-srv.asd)
Linked: (/home/robotclass/RoboticsForSWEs/fastsim/devel/.private/simple_control/share/common-lisp/ros/simple_control/srv/_package_toggle_cage.lisp, /home/robotclass/RoboticsForSWEs/fastsim/devel/share/common-lisp/ros/simple_control/srv/_package_toggle_cage.lisp)
Linked: (/home/robotclass/RoboticsForSWEs/fastsim/devel/.private/simple_control/share/common-lisp/ros/simple_control/srv/_package.lisp, /home/robotclass/RoboticsForSWEs/fastsim/devel/share/common-lisp/ros/simple_control/srv/_package.lisp)
Linked: (/home/robotclass/RoboticsForSWEs/fastsim/devel/.private/simple_control/share/common-lisp/ros/simple_control/srv/toggle_cage.lisp, /home/robotclass/RoboticsForSWEs/fastsim/devel/share/common-lisp/ros/simple_control/srv/toggle_cage.lisp)
Linked: (/home/robotclass/RoboticsForSWEs/fastsim/devel/.private/simple_control/share/roseus/ros/simple_control/manifest.l, /home/robotclass/RoboticsForSWEs/fastsim/devel/share/roseus/ros/simple_control/manifest.l)
Linked: (/home/robotclass/RoboticsForSWEs/fastsim/devel/.private/simple_control/share/roseus/ros/simple_control/srv/toggle_cage.l, /home/robotclass/RoboticsForSWEs/fastsim/devel/share/roseus/ros/simple_control/srv/toggle_cage.l)
Linked: (/home/robotclass/RoboticsForSWEs/fastsim/devel/.private/simple_control/share/gennodejs/ros/simple_control/_index.js, /home/robotclass/RoboticsForSWEs/fastsim/devel/share/gennodejs/ros/simple_control/_index.js)
Linked: (/home/robotclass/RoboticsForSWEs/fastsim/devel/.private/simple_control/share/gennodejs/ros/simple_control/srv/_index.js, /home/robotclass/RoboticsForSWEs/fastsim/devel/share/gennodejs/ros/simple_control/srv/_index.js)
Linked: (/home/robotclass/RoboticsForSWEs/fastsim/devel/.private/simple_control/share/gennodejs/ros/simple_control/srv/toggle_cage.js, /home/robotclass/RoboticsForSWEs/fastsim/devel/share/gennodejs/ros/simple_control/srv/toggle_cage.js)
Linked: (/home/robotclass/RoboticsForSWEs/fastsim/devel/.private/simple_control/include/simple_control/toggle_cageResponse.h, /home/robotclass/RoboticsForSWEs/fastsim/devel/include/simple_control/toggle_cageResponse.h)
Linked: (/home/robotclass/RoboticsForSWEs/fastsim/devel/.private/simple_control/include/simple_control/toggle_cageRequest.h, /home/robotclass/RoboticsForSWEs/fastsim/devel/include/simple_control/toggle_cageRequest.h)
Linked: (/home/robotclass/RoboticsForSWEs/fastsim/devel/.private/simple_control/include/simple_control/toggle_cage.h, /home/robotclass/RoboticsForSWEs/fastsim/devel/include/simple_control/toggle_cage.h)
Linked: (/home/robotclass/RoboticsForSWEs/fastsim/devel/.private/simple_control/lib/pkgconfig/simple_control.pc, /home/robotclass/RoboticsForSWEs/fastsim/devel/lib/pkgconfig/simple_control.pc)
Linked: (/home/robotclass/RoboticsForSWEs/fastsim/devel/.private/simple_control/lib/python2.7/dist-packages/simple_control/__init__.py, /home/robotclass/RoboticsForSWEs/fastsim/devel/lib/python2.7/dist-packages/simple_control/__init__.py)
Linked: (/home/robotclass/RoboticsForSWEs/fastsim/devel/.private/simple_control/lib/python2.7/dist-packages/simple_control/srv/_toggle_cage.py, /home/robotclass/RoboticsForSWEs/fastsim/devel/lib/python2.7/dist-packages/simple_control/srv/_toggle_cage.py)
Linked: (/home/robotclass/RoboticsForSWEs/fastsim/devel/.private/simple_control/lib/python2.7/dist-packages/simple_control/srv/__init__.py, /home/robotclass/RoboticsForSWEs/fastsim/devel/lib/python2.7/dist-packages/simple_control/srv/__init__.py)
