[36m--[0m Using CATKIN_DEVEL_PREFIX: /home/robotclass/RoboticsForSWEs/fastsim/devel/.private/simple_control
[36m--[0m Using CMAKE_PREFIX_PATH: /home/robotclass/RoboticsForSWEs/fastsim/devel;/home/robotclass/crazysim_ws/devel;/opt/ros/kinetic
[36m--[0m This workspace overlays: /home/robotclass/RoboticsForSWEs/fastsim/devel;/home/robotclass/crazysim_ws/devel;/opt/ros/kinetic
[36m--[0m Found PythonInterp: /usr/bin/python2 (found suitable version "2.7.12", minimum required is "2")
[36m--[0m Using PYTHON_EXECUTABLE: /usr/bin/python2
[36m--[0m Using Debian Python package layout
[36m--[0m Using empy: /usr/bin/empy
[36m--[0m Using CATKIN_ENABLE_TESTING: ON
[36m--[0m Call enable_testing()
[36m--[0m Using CATKIN_TEST_RESULTS_DIR: /home/robotclass/RoboticsForSWEs/fastsim/build/simple_control/test_results
[36m--[0m Found gmock sources under '/usr/src/gmock': gmock will be built
[36m--[0m Found PythonInterp: /usr/bin/python2 (found version "2.7.12")
[36m--[0m Found gtest sources under '/usr/src/gmock': gtests will be built
[36m--[0m Using Python nosetests: /usr/bin/nosetests-2.7
[36m--[0m catkin 0.7.18
[36m--[0m BUILD_SHARED_LIBS is on
[36m--[0m Using these message generators: gencpp;geneus;genlisp;gennodejs;genpy
[31m[1mCMake Error[0m at /opt/ros/kinetic/share/catkin/cmake/assert.cmake:20 (message):


  Assertion failed: file
  '/home/robotclass/RoboticsForSWEs/fastsim/src/simple_control/srv/toggle_cage.srv'
  does not exist.  Message: service file not found

[36mCall Stack (most recent call first):[0m
  /opt/ros/kinetic/share/genmsg/cmake/genmsg-extras.cmake:170 (assert_file_exists)
  CMakeLists.txt:16 (add_service_files)


[36m--[0m Configuring incomplete, errors occurred!
See also "/home/robotclass/RoboticsForSWEs/fastsim/build/simple_control/CMakeFiles/CMakeOutput.log".
See also "/home/robotclass/RoboticsForSWEs/fastsim/build/simple_control/CMakeFiles/CMakeError.log".
Makefile:388: recipe for target 'cmake_check_build_system' failed
make: *** [cmake_check_build_system] Error 1
