[36m--[0m Using CATKIN_DEVEL_PREFIX: /home/robotclass/RoboticsForSWEs/fastsim/devel/.private/simple_control
[36m--[0m Using CMAKE_PREFIX_PATH: /home/robotclass/RoboticsForSWEs/fastsim/devel;/opt/ros/kinetic
[36m--[0m This workspace overlays: /home/robotclass/RoboticsForSWEs/fastsim/devel;/opt/ros/kinetic
[36m--[0m Found PythonInterp: /usr/bin/python2 (found suitable version "2.7.12", minimum required is "2")
[36m--[0m Using PYTHON_EXECUTABLE: /usr/bin/python2
[36m--[0m Using Debian Python package layout
[36m--[0m Using empy: /usr/bin/empy
[36m--[0m Using CATKIN_ENABLE_TESTING: ON
[36m--[0m Call enable_testing()
[36m--[0m Using CATKIN_TEST_RESULTS_DIR: /home/robotclass/RoboticsForSWEs/fastsim/build/simple_control/test_results
[36m--[0m Found gmock sources under '/usr/src/gmock': gmock will be built
[36m--[0m Found PythonInterp: /usr/bin/python2 (found version "2.7.12")
[36m--[0m Found gtest sources under '/usr/src/gmock': gtests will be built
[36m--[0m Using Python nosetests: /usr/bin/nosetests-2.7
[36m--[0m catkin 0.7.18
[36m--[0m BUILD_SHARED_LIBS is on
[36m--[0m Using these message generators: gencpp;geneus;genlisp;gennodejs;genpy
[36m--[0m simple_control: 0 messages, 1 services
[36m--[0m Configuring done
[36m--[0m Generating done
[36m--[0m Build files have been written to: /home/robotclass/RoboticsForSWEs/fastsim/build/simple_control
