Not searching for unused variables given on the command line.
[36m--[0m Using CATKIN_DEVEL_PREFIX: /home/robotclass/RoboticsForSWEs/fastsim/devel/.private/altitude
[36m--[0m Using CMAKE_PREFIX_PATH: /home/robotclass/RoboticsForSWEs/fastsim/devel;/home/robotclass/crazysim_ws/devel;/opt/ros/kinetic
[36m--[0m This workspace overlays: /home/robotclass/RoboticsForSWEs/fastsim/devel;/home/robotclass/crazysim_ws/devel;/opt/ros/kinetic
[36m--[0m Found PythonInterp: /usr/bin/python2 (found suitable version "2.7.12", minimum required is "2")
[36m--[0m Using PYTHON_EXECUTABLE: /usr/bin/python2
[36m--[0m Using Debian Python package layout
[36m--[0m Using empy: /usr/bin/empy
[36m--[0m Using CATKIN_ENABLE_TESTING: ON
[36m--[0m Call enable_testing()
[36m--[0m Using CATKIN_TEST_RESULTS_DIR: /home/robotclass/RoboticsForSWEs/fastsim/build/altitude/test_results
[36m--[0m Found gmock sources under '/usr/src/gmock': gmock will be built
[36m--[0m Found PythonInterp: /usr/bin/python2 (found version "2.7.12")
[36m--[0m Found gtest sources under '/usr/src/gmock': gtests will be built
[36m--[0m Using Python nosetests: /usr/bin/nosetests-2.7
[36m--[0m catkin 0.7.18
[36m--[0m BUILD_SHARED_LIBS is on
[36m--[0m Using these message generators: gencpp;geneus;genlisp;gennodejs;genpy
[36m--[0m altitude: 1 messages, 0 services
[31m[1mCMake Error[0m at /opt/ros/kinetic/share/catkin/cmake/catkin_package.cmake:224 (message):
  catkin_package() DEPENDS on the catkin package 'message_runtime' which must
  therefore be listed as a run dependency in the package.xml
[36mCall Stack (most recent call first):[0m
  /opt/ros/kinetic/share/catkin/cmake/catkin_package.cmake:102 (_catkin_package)
  CMakeLists.txt:25 (catkin_package)


[36m--[0m Configuring incomplete, errors occurred!
See also "/home/robotclass/RoboticsForSWEs/fastsim/build/altitude/CMakeFiles/CMakeOutput.log".
See also "/home/robotclass/RoboticsForSWEs/fastsim/build/altitude/CMakeFiles/CMakeError.log".
