Linked: (/home/robotclass/RoboticsForSWEs/fastsim/devel/.private/flightgoggles/share/common-lisp/ros/flightgoggles/msg/_package_IRMarker.lisp, /home/robotclass/RoboticsForSWEs/fastsim/devel/share/common-lisp/ros/flightgoggles/msg/_package_IRMarker.lisp)
Linked: (/home/robotclass/RoboticsForSWEs/fastsim/devel/.private/flightgoggles/share/common-lisp/ros/flightgoggles/msg/IRMarkerArray.lisp, /home/robotclass/RoboticsForSWEs/fastsim/devel/share/common-lisp/ros/flightgoggles/msg/IRMarkerArray.lisp)
Linked: (/home/robotclass/RoboticsForSWEs/fastsim/devel/.private/flightgoggles/share/common-lisp/ros/flightgoggles/msg/flightgoggles-msg.asd, /home/robotclass/RoboticsForSWEs/fastsim/devel/share/common-lisp/ros/flightgoggles/msg/flightgoggles-msg.asd)
Linked: (/home/robotclass/RoboticsForSWEs/fastsim/devel/.private/flightgoggles/share/common-lisp/ros/flightgoggles/msg/_package.lisp, /home/robotclass/RoboticsForSWEs/fastsim/devel/share/common-lisp/ros/flightgoggles/msg/_package.lisp)
Linked: (/home/robotclass/RoboticsForSWEs/fastsim/devel/.private/flightgoggles/share/common-lisp/ros/flightgoggles/msg/IRMarker.lisp, /home/robotclass/RoboticsForSWEs/fastsim/devel/share/common-lisp/ros/flightgoggles/msg/IRMarker.lisp)
Linked: (/home/robotclass/RoboticsForSWEs/fastsim/devel/.private/flightgoggles/share/common-lisp/ros/flightgoggles/msg/_package_IRMarkerArray.lisp, /home/robotclass/RoboticsForSWEs/fastsim/devel/share/common-lisp/ros/flightgoggles/msg/_package_IRMarkerArray.lisp)
Linked: (/home/robotclass/RoboticsForSWEs/fastsim/devel/.private/flightgoggles/share/roseus/ros/flightgoggles/manifest.l, /home/robotclass/RoboticsForSWEs/fastsim/devel/share/roseus/ros/flightgoggles/manifest.l)
Linked: (/home/robotclass/RoboticsForSWEs/fastsim/devel/.private/flightgoggles/share/roseus/ros/flightgoggles/msg/IRMarkerArray.l, /home/robotclass/RoboticsForSWEs/fastsim/devel/share/roseus/ros/flightgoggles/msg/IRMarkerArray.l)
Linked: (/home/robotclass/RoboticsForSWEs/fastsim/devel/.private/flightgoggles/share/roseus/ros/flightgoggles/msg/IRMarker.l, /home/robotclass/RoboticsForSWEs/fastsim/devel/share/roseus/ros/flightgoggles/msg/IRMarker.l)
Linked: (/home/robotclass/RoboticsForSWEs/fastsim/devel/.private/flightgoggles/share/flightgoggles/cmake/flightgogglesConfig.cmake, /home/robotclass/RoboticsForSWEs/fastsim/devel/share/flightgoggles/cmake/flightgogglesConfig.cmake)
Linked: (/home/robotclass/RoboticsForSWEs/fastsim/devel/.private/flightgoggles/share/flightgoggles/cmake/flightgogglesConfig-version.cmake, /home/robotclass/RoboticsForSWEs/fastsim/devel/share/flightgoggles/cmake/flightgogglesConfig-version.cmake)
Linked: (/home/robotclass/RoboticsForSWEs/fastsim/devel/.private/flightgoggles/share/flightgoggles/cmake/flightgoggles-msg-paths.cmake, /home/robotclass/RoboticsForSWEs/fastsim/devel/share/flightgoggles/cmake/flightgoggles-msg-paths.cmake)
Linked: (/home/robotclass/RoboticsForSWEs/fastsim/devel/.private/flightgoggles/share/flightgoggles/cmake/flightgoggles-msg-extras.cmake, /home/robotclass/RoboticsForSWEs/fastsim/devel/share/flightgoggles/cmake/flightgoggles-msg-extras.cmake)
Linked: (/home/robotclass/RoboticsForSWEs/fastsim/devel/.private/flightgoggles/share/gennodejs/ros/flightgoggles/_index.js, /home/robotclass/RoboticsForSWEs/fastsim/devel/share/gennodejs/ros/flightgoggles/_index.js)
Linked: (/home/robotclass/RoboticsForSWEs/fastsim/devel/.private/flightgoggles/share/gennodejs/ros/flightgoggles/msg/_index.js, /home/robotclass/RoboticsForSWEs/fastsim/devel/share/gennodejs/ros/flightgoggles/msg/_index.js)
Linked: (/home/robotclass/RoboticsForSWEs/fastsim/devel/.private/flightgoggles/share/gennodejs/ros/flightgoggles/msg/IRMarker.js, /home/robotclass/RoboticsForSWEs/fastsim/devel/share/gennodejs/ros/flightgoggles/msg/IRMarker.js)
Linked: (/home/robotclass/RoboticsForSWEs/fastsim/devel/.private/flightgoggles/share/gennodejs/ros/flightgoggles/msg/IRMarkerArray.js, /home/robotclass/RoboticsForSWEs/fastsim/devel/share/gennodejs/ros/flightgoggles/msg/IRMarkerArray.js)
Linked: (/home/robotclass/RoboticsForSWEs/fastsim/devel/.private/flightgoggles/include/flightgoggles/IRMarker.h, /home/robotclass/RoboticsForSWEs/fastsim/devel/include/flightgoggles/IRMarker.h)
Linked: (/home/robotclass/RoboticsForSWEs/fastsim/devel/.private/flightgoggles/include/flightgoggles/IRMarkerArray.h, /home/robotclass/RoboticsForSWEs/fastsim/devel/include/flightgoggles/IRMarkerArray.h)
Linked: (/home/robotclass/RoboticsForSWEs/fastsim/devel/.private/flightgoggles/lib/pkgconfig/flightgoggles.pc, /home/robotclass/RoboticsForSWEs/fastsim/devel/lib/pkgconfig/flightgoggles.pc)
Linked: (/home/robotclass/RoboticsForSWEs/fastsim/devel/.private/flightgoggles/lib/python2.7/dist-packages/flightgoggles/__init__.py, /home/robotclass/RoboticsForSWEs/fastsim/devel/lib/python2.7/dist-packages/flightgoggles/__init__.py)
Linked: (/home/robotclass/RoboticsForSWEs/fastsim/devel/.private/flightgoggles/lib/python2.7/dist-packages/flightgoggles/msg/__init__.py, /home/robotclass/RoboticsForSWEs/fastsim/devel/lib/python2.7/dist-packages/flightgoggles/msg/__init__.py)
Linked: (/home/robotclass/RoboticsForSWEs/fastsim/devel/.private/flightgoggles/lib/python2.7/dist-packages/flightgoggles/msg/_IRMarkerArray.py, /home/robotclass/RoboticsForSWEs/fastsim/devel/lib/python2.7/dist-packages/flightgoggles/msg/_IRMarkerArray.py)
Linked: (/home/robotclass/RoboticsForSWEs/fastsim/devel/.private/flightgoggles/lib/python2.7/dist-packages/flightgoggles/msg/_IRMarker.py, /home/robotclass/RoboticsForSWEs/fastsim/devel/lib/python2.7/dist-packages/flightgoggles/msg/_IRMarker.py)
