Symlinking /home/robotclass/RoboticsForSWEs/fastsim/devel/share/common-lisp/ros/flightgoggles/msg/_package_IRMarker.lisp
Symlinking /home/robotclass/RoboticsForSWEs/fastsim/devel/share/common-lisp/ros/flightgoggles/msg/IRMarkerArray.lisp
Symlinking /home/robotclass/RoboticsForSWEs/fastsim/devel/share/common-lisp/ros/flightgoggles/msg/flightgoggles-msg.asd
Symlinking /home/robotclass/RoboticsForSWEs/fastsim/devel/share/common-lisp/ros/flightgoggles/msg/_package.lisp
Symlinking /home/robotclass/RoboticsForSWEs/fastsim/devel/share/common-lisp/ros/flightgoggles/msg/IRMarker.lisp
Symlinking /home/robotclass/RoboticsForSWEs/fastsim/devel/share/common-lisp/ros/flightgoggles/msg/_package_IRMarkerArray.lisp
Symlinking /home/robotclass/RoboticsForSWEs/fastsim/devel/share/roseus/ros/flightgoggles/manifest.l
Symlinking /home/robotclass/RoboticsForSWEs/fastsim/devel/share/roseus/ros/flightgoggles/msg/IRMarkerArray.l
Symlinking /home/robotclass/RoboticsForSWEs/fastsim/devel/share/roseus/ros/flightgoggles/msg/IRMarker.l
Symlinking /home/robotclass/RoboticsForSWEs/fastsim/devel/share/flightgoggles/cmake/flightgogglesConfig.cmake
Symlinking /home/robotclass/RoboticsForSWEs/fastsim/devel/share/flightgoggles/cmake/flightgogglesConfig-version.cmake
Symlinking /home/robotclass/RoboticsForSWEs/fastsim/devel/share/flightgoggles/cmake/flightgoggles-msg-paths.cmake
Symlinking /home/robotclass/RoboticsForSWEs/fastsim/devel/share/flightgoggles/cmake/flightgoggles-msg-extras.cmake
Symlinking /home/robotclass/RoboticsForSWEs/fastsim/devel/share/gennodejs/ros/flightgoggles/_index.js
Symlinking /home/robotclass/RoboticsForSWEs/fastsim/devel/share/gennodejs/ros/flightgoggles/msg/_index.js
Symlinking /home/robotclass/RoboticsForSWEs/fastsim/devel/share/gennodejs/ros/flightgoggles/msg/IRMarker.js
Symlinking /home/robotclass/RoboticsForSWEs/fastsim/devel/share/gennodejs/ros/flightgoggles/msg/IRMarkerArray.js
Symlinking /home/robotclass/RoboticsForSWEs/fastsim/devel/include/flightgoggles/IRMarker.h
Symlinking /home/robotclass/RoboticsForSWEs/fastsim/devel/include/flightgoggles/IRMarkerArray.h
Symlinking /home/robotclass/RoboticsForSWEs/fastsim/devel/lib/pkgconfig/flightgoggles.pc
Symlinking /home/robotclass/RoboticsForSWEs/fastsim/devel/lib/python2.7/dist-packages/flightgoggles/__init__.py
Symlinking /home/robotclass/RoboticsForSWEs/fastsim/devel/lib/python2.7/dist-packages/flightgoggles/msg/__init__.py
Symlinking /home/robotclass/RoboticsForSWEs/fastsim/devel/lib/python2.7/dist-packages/flightgoggles/msg/_IRMarkerArray.py
Symlinking /home/robotclass/RoboticsForSWEs/fastsim/devel/lib/python2.7/dist-packages/flightgoggles/msg/_IRMarker.py
